<html>
<body>
<pre>
<h1>Vision Build Log</h1>
<h2>Tool Versions:</h2>
IDE-Version: μVision V5.38.0.0
Copyright (C) 2022 ARM Ltd and ARM Germany GmbH. All rights reserved.
License Information: 1 1, 1, LIC=LSXG8-3DN27-MXAU8-3UE0M-I5FIH-9VT8Q
 
Tool Versions:
Toolchain:       PK51 Prof. Developers Kit  Version: 9.60.7.0
Toolchain Path:  D:\Keil_v5\C51\BIN
C Compiler:      C51.exe V9.60.7.0
Assembler:       A51.exe V8.2.7.0
Linker/Locator:  BL51.exe V6.22.4.0
Library Manager: LIB51.exe V4.30.1.0
Hex Converter:   OH51.exe V2.7.0.0
CPU DLL:         S8051.DLL V3.125.1.0
Dialog DLL:      DP51.DLL V2.69.0.0
Target DLL:      STCMON51.DLL V0, 1, 0, 19
Dialog DLL:      TP51.DLL V2.60.1.0
 
<h2>Project:</h2>
F:\51单片机工程\智能车考核\第二次考核\作业_IAP15F2K61S2\串口控制流水灯\LED_MODE.uvproj
Project File Date:  10/26/2023

<h2>Output:</h2>
Rebuild target 'DEBUG'
compiling main.c...
User\main.c(3): error C129: missing ';' before 'key'
User\main.c(26): warning C316: unterminated conditionals
compiling delay.c...
Sys\delay.c(27): warning C316: unterminated conditionals
compiling Init.c...
Sys\Init.c(47): warning C316: unterminated conditionals
compiling PWM.c...
compiling Uart.c...
Sys\Uart.c(7): error C129: missing ';' before 'key'
Sys\Uart.c(149): warning C316: unterminated conditionals
compiling ADC_wyh.c...
Sys\ADC_wyh.c(23): warning C316: unterminated conditionals
compiling Vofa_wyh.c...
Sys\Vofa_wyh.c(15): warning C316: unterminated conditionals
compiling key.c...
compiling LED.c...
Target not created.
Build Time Elapsed:  00:00:01
</pre>
</body>
</html>
